\BOOKMARK [1][-]{section.1}{\376\377\000I\000n\000t\000r\000o\000d\000u\000c\000t\000i\000o\000n}{}% 1
\BOOKMARK [1][-]{section.2}{\376\377\000S\000e\000l\000f\000-\000R\000e\000f\000e\000r\000e\000n\000t\000i\000a\000l\000\040\000Q\000u\000a\000n\000t\000u\000m\000\040\000I\000n\000f\000o\000r\000m\000a\000t\000i\000o\000n\000\040\000D\000y\000n\000a\000m\000i\000c\000s}{}% 2
\BOOKMARK [2][-]{subsection.2.1}{\376\377\000H\000i\000l\000b\000e\000r\000t\000\040\000s\000p\000a\000c\000e\000\040\000a\000n\000d\000\040\000H\000a\000m\000i\000l\000t\000o\000n\000i\000a\000n}{section.2}% 3
\BOOKMARK [2][-]{subsection.2.2}{\376\377\000L\000o\000c\000a\000l\000i\000t\000y\000,\000\040\000u\000n\000i\000t\000a\000r\000i\000t\000y\000,\000\040\000a\000n\000d\000\040\000c\000a\000u\000s\000a\000l\000i\000t\000y}{section.2}% 4
\BOOKMARK [1][-]{section.3}{\376\377\000Q\000A\000T\000N\000U\000\040\000P\000r\000o\000m\000o\000t\000i\000o\000n\000\040\000a\000n\000d\000\040\000L\000o\000c\000a\000l\000\040\000C\000l\000o\000c\000k\000s}{}% 5
\BOOKMARK [2][-]{subsection.3.1}{\376\377\000E\000n\000t\000a\000n\000g\000l\000e\000m\000e\000n\000t\000\040\000p\000r\000o\000x\000y\000\040\000a\000n\000d\000\040\000t\000e\000s\000t\000\040\000c\000l\000o\000c\000k\000s}{section.3}% 6
\BOOKMARK [2][-]{subsection.3.2}{\376\377\000A\000n\000\040\000e\000f\000f\000e\000c\000t\000i\000v\000e\000\040\000c\000l\000o\000c\000k\000\040\000s\000l\000o\000w\000d\000o\000w\000n\000\040\000l\000a\000w}{section.3}% 7
\BOOKMARK [1][-]{section.4}{\376\377\000M\000i\000c\000r\000o\000s\000c\000o\000p\000i\000c\000\040\000O\000r\000i\000g\000i\000n\000\040\000a\000n\000d\000\040\000M\000e\000a\000s\000u\000r\000e\000m\000e\000n\000t\000\040\000o\000f\000\040\000a\000l\000p\000h\000a}{}% 8
\BOOKMARK [2][-]{subsection.4.1}{\376\377\000P\000e\000r\000t\000u\000r\000b\000a\000t\000i\000v\000e\000\040\000d\000e\000r\000i\000v\000a\000t\000i\000o\000n}{section.4}% 9
\BOOKMARK [2][-]{subsection.4.2}{\376\377\000N\000o\000n\000-\000p\000e\000r\000t\000u\000r\000b\000a\000t\000i\000v\000e\000\040\000s\000u\000s\000c\000e\000p\000t\000i\000b\000i\000l\000i\000t\000y}{section.4}% 10
\BOOKMARK [1][-]{section.5}{\376\377\000P\000h\000a\000s\000e\000\040\000S\000t\000r\000u\000c\000t\000u\000r\000e\000\040\000i\000n\000\040\000\050\000l\000a\000m\000b\000d\000a\000,\000a\000l\000p\000h\000a\000\051}{}% 11
\BOOKMARK [2][-]{subsection.5.1}{\376\377\000D\000e\000f\000i\000n\000i\000t\000i\000o\000n\000s\000\040\000o\000f\000\040\000c\000r\000i\000t\000i\000c\000a\000l\000\040\000s\000c\000a\000l\000e\000s}{section.5}% 12
\BOOKMARK [2][-]{subsection.5.2}{\376\377\000T\000h\000r\000e\000e\000\040\000r\000e\000g\000i\000m\000e\000s\000\040\000i\000n\000\040\000a\000l\000p\000h\000a\000\040\000f\000o\000r\000\040\000N\000=\0004}{section.5}% 13
\BOOKMARK [2][-]{subsection.5.3}{\376\377\000F\000i\000n\000i\000t\000e\000-\000s\000i\000z\000e\000\040\000t\000r\000e\000n\000d\000s\000:\000\040\000N\000=\0004\000\040\000v\000s\000\040\000N\000=\0005}{section.5}% 14
\BOOKMARK [1][-]{section.6}{\376\377\000S\000c\000a\000l\000e\000\040\000S\000e\000t\000t\000i\000n\000g\000\040\000f\000r\000o\000m\000\040\000V\000a\000c\000u\000u\000m\000\040\000a\000n\000d\000\040\000B\000l\000a\000c\000k\000\040\000H\000o\000l\000e\000s}{}% 15
\BOOKMARK [2][-]{subsection.6.1}{\376\377\000A\000n\000c\000h\000o\000r\000i\000n\000g\000\040\000s\000t\000r\000a\000t\000e\000g\000y}{section.6}% 16
\BOOKMARK [2][-]{subsection.6.2}{\376\377\000H\000o\000r\000i\000z\000o\000n\000\040\000e\000n\000t\000r\000o\000p\000y\000\040\000a\000n\000d\000\040\000l\000a\000t\000t\000i\000c\000e\000\040\000s\000p\000a\000c\000i\000n\000g}{section.6}% 17
\BOOKMARK [2][-]{subsection.6.3}{\376\377\000V\000a\000c\000u\000u\000m\000\040\000d\000i\000s\000p\000e\000r\000s\000i\000o\000n\000\040\000a\000n\000d\000\040\000t\000i\000m\000e\000\040\000s\000t\000e\000p}{section.6}% 18
\BOOKMARK [2][-]{subsection.6.4}{\376\377\000U\000V\000\040\000e\000n\000e\000r\000g\000y\000\040\000s\000c\000a\000l\000e\000\040\000a\000n\000d\000\040\000H\000a\000w\000k\000i\000n\000g\000\040\000t\000e\000m\000p\000e\000r\000a\000t\000u\000r\000e}{section.6}% 19
\BOOKMARK [1][-]{section.7}{\376\377\000P\000h\000e\000n\000o\000m\000e\000n\000o\000l\000o\000g\000i\000c\000a\000l\000\040\000C\000o\000n\000s\000e\000q\000u\000e\000n\000c\000e\000s}{}% 20
\BOOKMARK [2][-]{subsection.7.1}{\376\377\000L\000o\000r\000e\000n\000t\000z\000\040\000v\000i\000o\000l\000a\000t\000i\000o\000n\000\040\000a\000n\000d\000\040\000d\000i\000s\000p\000e\000r\000s\000i\000o\000n}{section.7}% 21
\BOOKMARK [2][-]{subsection.7.2}{\376\377\000G\000r\000a\000v\000i\000t\000a\000t\000i\000o\000n\000a\000l\000\040\000r\000e\000d\000s\000h\000i\000f\000t\000\040\000a\000n\000d\000\040\000e\000f\000f\000e\000c\000t\000i\000v\000e\000\040\000p\000o\000t\000e\000n\000t\000i\000a\000l}{section.7}% 22
\BOOKMARK [2][-]{subsection.7.3}{\376\377\000V\000a\000c\000u\000u\000m\000\040\000p\000r\000o\000m\000o\000t\000i\000o\000n\000s\000\040\000a\000n\000d\000\040\000d\000a\000r\000k\000\040\000e\000n\000e\000r\000g\000y}{section.7}% 23
\BOOKMARK [1][-]{section.8}{\376\377\000S\000p\000i\000n\000-\0002\000\040\000S\000e\000c\000t\000o\000r\000\040\000a\000n\000d\000\040\000O\000p\000e\000n\000\040\000P\000r\000o\000b\000l\000e\000m\000s}{}% 24
\BOOKMARK [1][-]{section.9}{\376\377\000A\000s\000s\000e\000s\000s\000m\000e\000n\000t\000\040\000a\000n\000d\000\040\000L\000i\000m\000i\000t\000a\000t\000i\000o\000n\000s}{}% 25
\BOOKMARK [1][-]{section.10}{\376\377\000C\000o\000n\000c\000l\000u\000s\000i\000o\000n\000\040\000a\000n\000d\000\040\000F\000u\000t\000u\000r\000e\000\040\000W\000o\000r\000k}{}% 26
